2026-04-30T14:04:59.962778 WARN empty_response doc_type=A75 start=201909280003 end=201912270003 extra={'processType': 'A16', 'in_Domain': '10Y1001A1001A83F', 'out_Domain': '10Y1001A1001A83F', 'psrType': 'B03'}
2026-04-30T14:05:07.701573 WARN empty_response doc_type=A75 start=201912270004 end=202003260004 extra={'processType': 'A16', 'in_Domain': '10Y1001A1001A83F', 'out_Domain': '10Y1001A1001A83F', 'psrType': 'B03'}
2026-04-30T14:05:11.177762 WARN empty_response doc_type=A75 start=202003260005 end=202006240005 extra={'processType': 'A16', 'in_Domain': '10Y1001A1001A83F', 'out_Domain': '10Y1001A1001A83F', 'psrType': 'B03'}
2026-04-30T14:05:14.349690 WARN empty_response doc_type=A75 start=202006240006 end=202009220006 extra={'processType': 'A16', 'in_Domain': '10Y1001A1001A83F', 'out_Domain': '10Y1001A1001A83F', 'psrType': 'B03'}
2026-04-30T14:05:17.718755 WARN empty_response doc_type=A75 start=202009220007 end=202012210007 extra={'processType': 'A16', 'in_Domain': '10Y1001A1001A83F', 'out_Domain': '10Y1001A1001A83F', 'psrType': 'B03'}
2026-04-30T14:05:20.811309 WARN empty_response doc_type=A75 start=202012210008 end=202103210008 extra={'processType': 'A16', 'in_Domain': '10Y1001A1001A83F', 'out_Domain': '10Y1001A1001A83F', 'psrType': 'B03'}
2026-04-30T14:05:24.286987 WARN empty_response doc_type=A75 start=202103210009 end=202106190009 extra={'processType': 'A16', 'in_Domain': '10Y1001A1001A83F', 'out_Domain': '10Y1001A1001A83F', 'psrType': 'B03'}
2026-04-30T14:05:27.871827 WARN empty_response doc_type=A75 start=202106190010 end=202109170010 extra={'processType': 'A16', 'in_Domain': '10Y1001A1001A83F', 'out_Domain': '10Y1001A1001A83F', 'psrType': 'B03'}
2026-04-30T14:05:29.408022 WARN empty_response doc_type=A75 start=202109170011 end=202112160011 extra={'processType': 'A16', 'in_Domain': '10Y1001A1001A83F', 'out_Domain': '10Y1001A1001A83F', 'psrType': 'B03'}
2026-04-30T14:05:30.729158 WARN empty_response doc_type=A75 start=202112160012 end=202203160012 extra={'processType': 'A16', 'in_Domain': '10Y1001A1001A83F', 'out_Domain': '10Y1001A1001A83F', 'psrType': 'B03'}
2026-04-30T14:05:35.553792 WARN empty_response doc_type=A75 start=202203160013 end=202206140013 extra={'processType': 'A16', 'in_Domain': '10Y1001A1001A83F', 'out_Domain': '10Y1001A1001A83F', 'psrType': 'B03'}
2026-04-30T14:05:41.217171 WARN empty_response doc_type=A75 start=202206140014 end=202209120014 extra={'processType': 'A16', 'in_Domain': '10Y1001A1001A83F', 'out_Domain': '10Y1001A1001A83F', 'psrType': 'B03'}
2026-04-30T14:05:43.335276 WARN empty_response doc_type=A75 start=202209120015 end=202212110015 extra={'processType': 'A16', 'in_Domain': '10Y1001A1001A83F', 'out_Domain': '10Y1001A1001A83F', 'psrType': 'B03'}
2026-04-30T14:24:48.516183 WARN empty_response doc_type=A75 start=202306090018 end=202309070018 extra={'processType': 'A16', 'in_Domain': '10Y1001A1001A83F', 'out_Domain': '10Y1001A1001A83F', 'psrType': 'B14'}
2026-04-30T14:24:49.779599 WARN empty_response doc_type=A75 start=202309070019 end=202312060019 extra={'processType': 'A16', 'in_Domain': '10Y1001A1001A83F', 'out_Domain': '10Y1001A1001A83F', 'psrType': 'B14'}
2026-04-30T14:24:51.115931 WARN empty_response doc_type=A75 start=202312060020 end=202403050020 extra={'processType': 'A16', 'in_Domain': '10Y1001A1001A83F', 'out_Domain': '10Y1001A1001A83F', 'psrType': 'B14'}
2026-04-30T14:24:52.359283 WARN empty_response doc_type=A75 start=202403050021 end=202406030021 extra={'processType': 'A16', 'in_Domain': '10Y1001A1001A83F', 'out_Domain': '10Y1001A1001A83F', 'psrType': 'B14'}
2026-04-30T14:24:56.791335 WARN empty_response doc_type=A75 start=202406030022 end=202409010022 extra={'processType': 'A16', 'in_Domain': '10Y1001A1001A83F', 'out_Domain': '10Y1001A1001A83F', 'psrType': 'B14'}
2026-04-30T14:24:58.040437 WARN empty_response doc_type=A75 start=202409010023 end=202411300023 extra={'processType': 'A16', 'in_Domain': '10Y1001A1001A83F', 'out_Domain': '10Y1001A1001A83F', 'psrType': 'B14'}
2026-04-30T14:24:59.374347 WARN empty_response doc_type=A75 start=202411300024 end=202502280024 extra={'processType': 'A16', 'in_Domain': '10Y1001A1001A83F', 'out_Domain': '10Y1001A1001A83F', 'psrType': 'B14'}
2026-04-30T14:25:02.697462 WARN empty_response doc_type=A75 start=202502280025 end=202505290025 extra={'processType': 'A16', 'in_Domain': '10Y1001A1001A83F', 'out_Domain': '10Y1001A1001A83F', 'psrType': 'B14'}
2026-04-30T14:25:05.699005 WARN empty_response doc_type=A75 start=202505290026 end=202508270026 extra={'processType': 'A16', 'in_Domain': '10Y1001A1001A83F', 'out_Domain': '10Y1001A1001A83F', 'psrType': 'B14'}
2026-04-30T14:25:07.759076 WARN empty_response doc_type=A75 start=202508270027 end=202511250027 extra={'processType': 'A16', 'in_Domain': '10Y1001A1001A83F', 'out_Domain': '10Y1001A1001A83F', 'psrType': 'B14'}
2026-04-30T14:25:11.639939 WARN empty_response doc_type=A75 start=202511250028 end=202512312359 extra={'processType': 'A16', 'in_Domain': '10Y1001A1001A83F', 'out_Domain': '10Y1001A1001A83F', 'psrType': 'B14'}
2026-04-30T14:46:02.577181 WARN empty_response doc_type=A11 start=201901010000 end=201904010000 extra={'in_Domain': '10YFR-RTE------C', 'out_Domain': '10Y1001A1001A63L'}
2026-04-30T14:46:05.720238 WARN empty_response doc_type=A11 start=201904010001 end=201906300001 extra={'in_Domain': '10YFR-RTE------C', 'out_Domain': '10Y1001A1001A63L'}
2026-04-30T14:46:06.991826 WARN empty_response doc_type=A11 start=201906300002 end=201909280002 extra={'in_Domain': '10YFR-RTE------C', 'out_Domain': '10Y1001A1001A63L'}
2026-04-30T14:46:08.639261 WARN empty_response doc_type=A11 start=201909280003 end=201912270003 extra={'in_Domain': '10YFR-RTE------C', 'out_Domain': '10Y1001A1001A63L'}
2026-04-30T14:46:10.706165 WARN empty_response doc_type=A11 start=201912270004 end=202003260004 extra={'in_Domain': '10YFR-RTE------C', 'out_Domain': '10Y1001A1001A63L'}
2026-04-30T14:46:18.303817 WARN empty_response doc_type=A11 start=202003260005 end=202006240005 extra={'in_Domain': '10YFR-RTE------C', 'out_Domain': '10Y1001A1001A63L'}
2026-04-30T14:46:20.240871 WARN empty_response doc_type=A11 start=202006240006 end=202009220006 extra={'in_Domain': '10YFR-RTE------C', 'out_Domain': '10Y1001A1001A63L'}
2026-04-30T14:46:23.272303 WARN empty_response doc_type=A11 start=202009220007 end=202012210007 extra={'in_Domain': '10YFR-RTE------C', 'out_Domain': '10Y1001A1001A63L'}
2026-04-30T14:46:24.679077 WARN empty_response doc_type=A11 start=202012210008 end=202103210008 extra={'in_Domain': '10YFR-RTE------C', 'out_Domain': '10Y1001A1001A63L'}
2026-04-30T14:46:26.168165 WARN empty_response doc_type=A11 start=202103210009 end=202106190009 extra={'in_Domain': '10YFR-RTE------C', 'out_Domain': '10Y1001A1001A63L'}
2026-04-30T14:46:27.421657 WARN empty_response doc_type=A11 start=202106190010 end=202109170010 extra={'in_Domain': '10YFR-RTE------C', 'out_Domain': '10Y1001A1001A63L'}
2026-04-30T14:46:40.857298 WARN empty_response doc_type=A11 start=202109170011 end=202112160011 extra={'in_Domain': '10YFR-RTE------C', 'out_Domain': '10Y1001A1001A63L'}
2026-04-30T14:46:42.106857 WARN empty_response doc_type=A11 start=202112160012 end=202203160012 extra={'in_Domain': '10YFR-RTE------C', 'out_Domain': '10Y1001A1001A63L'}
2026-04-30T14:46:43.327410 WARN empty_response doc_type=A11 start=202203160013 end=202206140013 extra={'in_Domain': '10YFR-RTE------C', 'out_Domain': '10Y1001A1001A63L'}
2026-04-30T14:46:44.630101 WARN empty_response doc_type=A11 start=202206140014 end=202209120014 extra={'in_Domain': '10YFR-RTE------C', 'out_Domain': '10Y1001A1001A63L'}
2026-04-30T14:46:46.436071 WARN empty_response doc_type=A11 start=202209120015 end=202212110015 extra={'in_Domain': '10YFR-RTE------C', 'out_Domain': '10Y1001A1001A63L'}
2026-04-30T14:46:47.678537 WARN empty_response doc_type=A11 start=202212110016 end=202303110016 extra={'in_Domain': '10YFR-RTE------C', 'out_Domain': '10Y1001A1001A63L'}
2026-04-30T14:46:49.020647 WARN empty_response doc_type=A11 start=202303110017 end=202306090017 extra={'in_Domain': '10YFR-RTE------C', 'out_Domain': '10Y1001A1001A63L'}
2026-04-30T14:46:50.292990 WARN empty_response doc_type=A11 start=202306090018 end=202309070018 extra={'in_Domain': '10YFR-RTE------C', 'out_Domain': '10Y1001A1001A63L'}
2026-04-30T14:46:51.581487 WARN empty_response doc_type=A11 start=202309070019 end=202312060019 extra={'in_Domain': '10YFR-RTE------C', 'out_Domain': '10Y1001A1001A63L'}
2026-04-30T14:46:52.918369 WARN empty_response doc_type=A11 start=202312060020 end=202403050020 extra={'in_Domain': '10YFR-RTE------C', 'out_Domain': '10Y1001A1001A63L'}
2026-04-30T14:46:54.174335 WARN empty_response doc_type=A11 start=202403050021 end=202406030021 extra={'in_Domain': '10YFR-RTE------C', 'out_Domain': '10Y1001A1001A63L'}
2026-04-30T14:46:59.881640 WARN empty_response doc_type=A11 start=202406030022 end=202409010022 extra={'in_Domain': '10YFR-RTE------C', 'out_Domain': '10Y1001A1001A63L'}
2026-04-30T14:47:08.130725 WARN empty_response doc_type=A11 start=202409010023 end=202411300023 extra={'in_Domain': '10YFR-RTE------C', 'out_Domain': '10Y1001A1001A63L'}
2026-04-30T14:47:11.074716 WARN empty_response doc_type=A11 start=202411300024 end=202502280024 extra={'in_Domain': '10YFR-RTE------C', 'out_Domain': '10Y1001A1001A63L'}
2026-04-30T14:47:12.381913 WARN empty_response doc_type=A11 start=202502280025 end=202505290025 extra={'in_Domain': '10YFR-RTE------C', 'out_Domain': '10Y1001A1001A63L'}
2026-04-30T14:47:17.616221 WARN empty_response doc_type=A11 start=202505290026 end=202508270026 extra={'in_Domain': '10YFR-RTE------C', 'out_Domain': '10Y1001A1001A63L'}
2026-04-30T14:47:19.677520 WARN empty_response doc_type=A11 start=202508270027 end=202511250027 extra={'in_Domain': '10YFR-RTE------C', 'out_Domain': '10Y1001A1001A63L'}
2026-04-30T14:47:20.920942 WARN empty_response doc_type=A11 start=202511250028 end=202512312359 extra={'in_Domain': '10YFR-RTE------C', 'out_Domain': '10Y1001A1001A63L'}
2026-04-30T14:47:22.290386 WARN empty_response doc_type=A11 start=201901010000 end=201904010000 extra={'in_Domain': '10Y1001A1001A63L', 'out_Domain': '10YFR-RTE------C'}
2026-04-30T14:47:23.620857 WARN empty_response doc_type=A11 start=201904010001 end=201906300001 extra={'in_Domain': '10Y1001A1001A63L', 'out_Domain': '10YFR-RTE------C'}
2026-04-30T14:47:24.927970 WARN empty_response doc_type=A11 start=201906300002 end=201909280002 extra={'in_Domain': '10Y1001A1001A63L', 'out_Domain': '10YFR-RTE------C'}
2026-04-30T14:47:28.447947 WARN empty_response doc_type=A11 start=201909280003 end=201912270003 extra={'in_Domain': '10Y1001A1001A63L', 'out_Domain': '10YFR-RTE------C'}
2026-04-30T14:47:32.561652 WARN empty_response doc_type=A11 start=201912270004 end=202003260004 extra={'in_Domain': '10Y1001A1001A63L', 'out_Domain': '10YFR-RTE------C'}
2026-04-30T14:47:36.561379 WARN empty_response doc_type=A11 start=202003260005 end=202006240005 extra={'in_Domain': '10Y1001A1001A63L', 'out_Domain': '10YFR-RTE------C'}
2026-04-30T14:47:39.661240 WARN empty_response doc_type=A11 start=202006240006 end=202009220006 extra={'in_Domain': '10Y1001A1001A63L', 'out_Domain': '10YFR-RTE------C'}
2026-04-30T14:47:40.897288 WARN empty_response doc_type=A11 start=202009220007 end=202012210007 extra={'in_Domain': '10Y1001A1001A63L', 'out_Domain': '10YFR-RTE------C'}
2026-04-30T14:47:42.615825 WARN empty_response doc_type=A11 start=202012210008 end=202103210008 extra={'in_Domain': '10Y1001A1001A63L', 'out_Domain': '10YFR-RTE------C'}
2026-04-30T14:47:47.196617 WARN empty_response doc_type=A11 start=202103210009 end=202106190009 extra={'in_Domain': '10Y1001A1001A63L', 'out_Domain': '10YFR-RTE------C'}
2026-04-30T14:47:48.502965 WARN empty_response doc_type=A11 start=202106190010 end=202109170010 extra={'in_Domain': '10Y1001A1001A63L', 'out_Domain': '10YFR-RTE------C'}
2026-04-30T14:47:49.772577 WARN empty_response doc_type=A11 start=202109170011 end=202112160011 extra={'in_Domain': '10Y1001A1001A63L', 'out_Domain': '10YFR-RTE------C'}
2026-04-30T14:47:50.996554 WARN empty_response doc_type=A11 start=202112160012 end=202203160012 extra={'in_Domain': '10Y1001A1001A63L', 'out_Domain': '10YFR-RTE------C'}
2026-04-30T14:47:52.277615 WARN empty_response doc_type=A11 start=202203160013 end=202206140013 extra={'in_Domain': '10Y1001A1001A63L', 'out_Domain': '10YFR-RTE------C'}
2026-04-30T14:47:56.751851 WARN empty_response doc_type=A11 start=202206140014 end=202209120014 extra={'in_Domain': '10Y1001A1001A63L', 'out_Domain': '10YFR-RTE------C'}
2026-04-30T14:48:01.615172 WARN empty_response doc_type=A11 start=202209120015 end=202212110015 extra={'in_Domain': '10Y1001A1001A63L', 'out_Domain': '10YFR-RTE------C'}
2026-04-30T14:48:04.001959 WARN empty_response doc_type=A11 start=202212110016 end=202303110016 extra={'in_Domain': '10Y1001A1001A63L', 'out_Domain': '10YFR-RTE------C'}
2026-04-30T14:48:05.624340 WARN empty_response doc_type=A11 start=202303110017 end=202306090017 extra={'in_Domain': '10Y1001A1001A63L', 'out_Domain': '10YFR-RTE------C'}
2026-04-30T14:48:06.871571 WARN empty_response doc_type=A11 start=202306090018 end=202309070018 extra={'in_Domain': '10Y1001A1001A63L', 'out_Domain': '10YFR-RTE------C'}
2026-04-30T14:48:08.727442 WARN empty_response doc_type=A11 start=202309070019 end=202312060019 extra={'in_Domain': '10Y1001A1001A63L', 'out_Domain': '10YFR-RTE------C'}
2026-04-30T14:48:12.458611 WARN empty_response doc_type=A11 start=202312060020 end=202403050020 extra={'in_Domain': '10Y1001A1001A63L', 'out_Domain': '10YFR-RTE------C'}
2026-04-30T14:48:13.893857 WARN empty_response doc_type=A11 start=202403050021 end=202406030021 extra={'in_Domain': '10Y1001A1001A63L', 'out_Domain': '10YFR-RTE------C'}
2026-04-30T14:48:15.285294 WARN empty_response doc_type=A11 start=202406030022 end=202409010022 extra={'in_Domain': '10Y1001A1001A63L', 'out_Domain': '10YFR-RTE------C'}
2026-04-30T14:48:17.864095 WARN empty_response doc_type=A11 start=202409010023 end=202411300023 extra={'in_Domain': '10Y1001A1001A63L', 'out_Domain': '10YFR-RTE------C'}
2026-04-30T14:48:19.566070 WARN empty_response doc_type=A11 start=202411300024 end=202502280024 extra={'in_Domain': '10Y1001A1001A63L', 'out_Domain': '10YFR-RTE------C'}
2026-04-30T14:48:24.025965 WARN empty_response doc_type=A11 start=202502280025 end=202505290025 extra={'in_Domain': '10Y1001A1001A63L', 'out_Domain': '10YFR-RTE------C'}
2026-04-30T14:48:29.039128 WARN empty_response doc_type=A11 start=202505290026 end=202508270026 extra={'in_Domain': '10Y1001A1001A63L', 'out_Domain': '10YFR-RTE------C'}
2026-04-30T14:48:30.287703 WARN empty_response doc_type=A11 start=202508270027 end=202511250027 extra={'in_Domain': '10Y1001A1001A63L', 'out_Domain': '10YFR-RTE------C'}
2026-04-30T14:48:35.043042 WARN empty_response doc_type=A11 start=202511250028 end=202512312359 extra={'in_Domain': '10Y1001A1001A63L', 'out_Domain': '10YFR-RTE------C'}
2026-04-30T14:55:58.045746 WARN empty_response doc_type=A11 start=201901010000 end=201904010000 extra={'in_Domain': '10YAT-APG------L', 'out_Domain': '10Y1001A1001A63L'}
2026-04-30T14:56:01.483485 WARN empty_response doc_type=A11 start=201904010001 end=201906300001 extra={'in_Domain': '10YAT-APG------L', 'out_Domain': '10Y1001A1001A63L'}
2026-04-30T14:56:05.078586 WARN empty_response doc_type=A11 start=201906300002 end=201909280002 extra={'in_Domain': '10YAT-APG------L', 'out_Domain': '10Y1001A1001A63L'}
2026-04-30T14:56:06.317334 WARN empty_response doc_type=A11 start=201909280003 end=201912270003 extra={'in_Domain': '10YAT-APG------L', 'out_Domain': '10Y1001A1001A63L'}
2026-04-30T14:56:08.970189 WARN empty_response doc_type=A11 start=201912270004 end=202003260004 extra={'in_Domain': '10YAT-APG------L', 'out_Domain': '10Y1001A1001A63L'}
2026-04-30T14:56:10.249017 WARN empty_response doc_type=A11 start=202003260005 end=202006240005 extra={'in_Domain': '10YAT-APG------L', 'out_Domain': '10Y1001A1001A63L'}
2026-04-30T14:56:11.522620 WARN empty_response doc_type=A11 start=202006240006 end=202009220006 extra={'in_Domain': '10YAT-APG------L', 'out_Domain': '10Y1001A1001A63L'}
2026-04-30T14:56:14.519163 WARN empty_response doc_type=A11 start=202009220007 end=202012210007 extra={'in_Domain': '10YAT-APG------L', 'out_Domain': '10Y1001A1001A63L'}
2026-04-30T14:56:15.822608 WARN empty_response doc_type=A11 start=202012210008 end=202103210008 extra={'in_Domain': '10YAT-APG------L', 'out_Domain': '10Y1001A1001A63L'}
2026-04-30T14:56:17.063727 WARN empty_response doc_type=A11 start=202103210009 end=202106190009 extra={'in_Domain': '10YAT-APG------L', 'out_Domain': '10Y1001A1001A63L'}
2026-04-30T14:56:19.063332 WARN empty_response doc_type=A11 start=202106190010 end=202109170010 extra={'in_Domain': '10YAT-APG------L', 'out_Domain': '10Y1001A1001A63L'}
2026-04-30T14:56:20.929526 WARN empty_response doc_type=A11 start=202109170011 end=202112160011 extra={'in_Domain': '10YAT-APG------L', 'out_Domain': '10Y1001A1001A63L'}
2026-04-30T14:56:22.172231 WARN empty_response doc_type=A11 start=202112160012 end=202203160012 extra={'in_Domain': '10YAT-APG------L', 'out_Domain': '10Y1001A1001A63L'}
2026-04-30T14:56:23.734211 WARN empty_response doc_type=A11 start=202203160013 end=202206140013 extra={'in_Domain': '10YAT-APG------L', 'out_Domain': '10Y1001A1001A63L'}
2026-04-30T14:56:27.093726 WARN empty_response doc_type=A11 start=202206140014 end=202209120014 extra={'in_Domain': '10YAT-APG------L', 'out_Domain': '10Y1001A1001A63L'}
2026-04-30T14:56:28.331907 WARN empty_response doc_type=A11 start=202209120015 end=202212110015 extra={'in_Domain': '10YAT-APG------L', 'out_Domain': '10Y1001A1001A63L'}
2026-04-30T14:56:29.548857 WARN empty_response doc_type=A11 start=202212110016 end=202303110016 extra={'in_Domain': '10YAT-APG------L', 'out_Domain': '10Y1001A1001A63L'}
2026-04-30T14:56:31.754001 WARN empty_response doc_type=A11 start=202303110017 end=202306090017 extra={'in_Domain': '10YAT-APG------L', 'out_Domain': '10Y1001A1001A63L'}
2026-04-30T14:56:32.985895 WARN empty_response doc_type=A11 start=202306090018 end=202309070018 extra={'in_Domain': '10YAT-APG------L', 'out_Domain': '10Y1001A1001A63L'}
2026-04-30T14:56:34.366493 WARN empty_response doc_type=A11 start=202309070019 end=202312060019 extra={'in_Domain': '10YAT-APG------L', 'out_Domain': '10Y1001A1001A63L'}
2026-04-30T14:56:35.677146 WARN empty_response doc_type=A11 start=202312060020 end=202403050020 extra={'in_Domain': '10YAT-APG------L', 'out_Domain': '10Y1001A1001A63L'}
2026-04-30T14:56:36.987781 WARN empty_response doc_type=A11 start=202403050021 end=202406030021 extra={'in_Domain': '10YAT-APG------L', 'out_Domain': '10Y1001A1001A63L'}
2026-04-30T14:56:38.416185 WARN empty_response doc_type=A11 start=202406030022 end=202409010022 extra={'in_Domain': '10YAT-APG------L', 'out_Domain': '10Y1001A1001A63L'}
2026-04-30T14:56:39.713996 WARN empty_response doc_type=A11 start=202409010023 end=202411300023 extra={'in_Domain': '10YAT-APG------L', 'out_Domain': '10Y1001A1001A63L'}
2026-04-30T14:56:41.554295 WARN empty_response doc_type=A11 start=202411300024 end=202502280024 extra={'in_Domain': '10YAT-APG------L', 'out_Domain': '10Y1001A1001A63L'}
2026-04-30T14:56:42.982272 WARN empty_response doc_type=A11 start=202502280025 end=202505290025 extra={'in_Domain': '10YAT-APG------L', 'out_Domain': '10Y1001A1001A63L'}
2026-04-30T14:56:44.676356 WARN empty_response doc_type=A11 start=202505290026 end=202508270026 extra={'in_Domain': '10YAT-APG------L', 'out_Domain': '10Y1001A1001A63L'}
2026-04-30T14:56:46.674083 WARN empty_response doc_type=A11 start=202508270027 end=202511250027 extra={'in_Domain': '10YAT-APG------L', 'out_Domain': '10Y1001A1001A63L'}
2026-04-30T14:56:47.996306 WARN empty_response doc_type=A11 start=202511250028 end=202512312359 extra={'in_Domain': '10YAT-APG------L', 'out_Domain': '10Y1001A1001A63L'}
2026-04-30T14:56:49.305630 WARN empty_response doc_type=A11 start=201901010000 end=201904010000 extra={'in_Domain': '10Y1001A1001A63L', 'out_Domain': '10YAT-APG------L'}
2026-04-30T14:56:50.873661 WARN empty_response doc_type=A11 start=201904010001 end=201906300001 extra={'in_Domain': '10Y1001A1001A63L', 'out_Domain': '10YAT-APG------L'}
2026-04-30T14:56:52.192562 WARN empty_response doc_type=A11 start=201906300002 end=201909280002 extra={'in_Domain': '10Y1001A1001A63L', 'out_Domain': '10YAT-APG------L'}
2026-04-30T14:56:53.654295 WARN empty_response doc_type=A11 start=201909280003 end=201912270003 extra={'in_Domain': '10Y1001A1001A63L', 'out_Domain': '10YAT-APG------L'}
2026-04-30T14:56:55.378640 WARN empty_response doc_type=A11 start=201912270004 end=202003260004 extra={'in_Domain': '10Y1001A1001A63L', 'out_Domain': '10YAT-APG------L'}
2026-04-30T14:56:56.915755 WARN empty_response doc_type=A11 start=202003260005 end=202006240005 extra={'in_Domain': '10Y1001A1001A63L', 'out_Domain': '10YAT-APG------L'}
2026-04-30T14:56:58.248569 WARN empty_response doc_type=A11 start=202006240006 end=202009220006 extra={'in_Domain': '10Y1001A1001A63L', 'out_Domain': '10YAT-APG------L'}
2026-04-30T14:56:59.891518 WARN empty_response doc_type=A11 start=202009220007 end=202012210007 extra={'in_Domain': '10Y1001A1001A63L', 'out_Domain': '10YAT-APG------L'}
2026-04-30T14:57:02.213796 WARN empty_response doc_type=A11 start=202012210008 end=202103210008 extra={'in_Domain': '10Y1001A1001A63L', 'out_Domain': '10YAT-APG------L'}
2026-04-30T14:57:03.978113 WARN empty_response doc_type=A11 start=202103210009 end=202106190009 extra={'in_Domain': '10Y1001A1001A63L', 'out_Domain': '10YAT-APG------L'}
2026-04-30T14:57:05.302811 WARN empty_response doc_type=A11 start=202106190010 end=202109170010 extra={'in_Domain': '10Y1001A1001A63L', 'out_Domain': '10YAT-APG------L'}
2026-04-30T14:57:06.950824 WARN empty_response doc_type=A11 start=202109170011 end=202112160011 extra={'in_Domain': '10Y1001A1001A63L', 'out_Domain': '10YAT-APG------L'}
2026-04-30T14:57:08.196473 WARN empty_response doc_type=A11 start=202112160012 end=202203160012 extra={'in_Domain': '10Y1001A1001A63L', 'out_Domain': '10YAT-APG------L'}
2026-04-30T14:57:09.490389 WARN empty_response doc_type=A11 start=202203160013 end=202206140013 extra={'in_Domain': '10Y1001A1001A63L', 'out_Domain': '10YAT-APG------L'}
2026-04-30T14:57:10.753266 WARN empty_response doc_type=A11 start=202206140014 end=202209120014 extra={'in_Domain': '10Y1001A1001A63L', 'out_Domain': '10YAT-APG------L'}
2026-04-30T14:57:11.982046 WARN empty_response doc_type=A11 start=202209120015 end=202212110015 extra={'in_Domain': '10Y1001A1001A63L', 'out_Domain': '10YAT-APG------L'}
2026-04-30T14:57:13.329818 WARN empty_response doc_type=A11 start=202212110016 end=202303110016 extra={'in_Domain': '10Y1001A1001A63L', 'out_Domain': '10YAT-APG------L'}
2026-04-30T14:57:14.546204 WARN empty_response doc_type=A11 start=202303110017 end=202306090017 extra={'in_Domain': '10Y1001A1001A63L', 'out_Domain': '10YAT-APG------L'}
2026-04-30T14:57:15.838735 WARN empty_response doc_type=A11 start=202306090018 end=202309070018 extra={'in_Domain': '10Y1001A1001A63L', 'out_Domain': '10YAT-APG------L'}
2026-04-30T14:57:17.049798 WARN empty_response doc_type=A11 start=202309070019 end=202312060019 extra={'in_Domain': '10Y1001A1001A63L', 'out_Domain': '10YAT-APG------L'}
2026-04-30T14:57:18.404884 WARN empty_response doc_type=A11 start=202312060020 end=202403050020 extra={'in_Domain': '10Y1001A1001A63L', 'out_Domain': '10YAT-APG------L'}
2026-04-30T14:57:20.567055 WARN empty_response doc_type=A11 start=202403050021 end=202406030021 extra={'in_Domain': '10Y1001A1001A63L', 'out_Domain': '10YAT-APG------L'}
2026-04-30T14:57:21.828998 WARN empty_response doc_type=A11 start=202406030022 end=202409010022 extra={'in_Domain': '10Y1001A1001A63L', 'out_Domain': '10YAT-APG------L'}
2026-04-30T14:57:23.184509 WARN empty_response doc_type=A11 start=202409010023 end=202411300023 extra={'in_Domain': '10Y1001A1001A63L', 'out_Domain': '10YAT-APG------L'}
2026-04-30T14:57:24.467793 WARN empty_response doc_type=A11 start=202411300024 end=202502280024 extra={'in_Domain': '10Y1001A1001A63L', 'out_Domain': '10YAT-APG------L'}
2026-04-30T14:57:25.745257 WARN empty_response doc_type=A11 start=202502280025 end=202505290025 extra={'in_Domain': '10Y1001A1001A63L', 'out_Domain': '10YAT-APG------L'}
2026-04-30T14:57:26.987685 WARN empty_response doc_type=A11 start=202505290026 end=202508270026 extra={'in_Domain': '10Y1001A1001A63L', 'out_Domain': '10YAT-APG------L'}
2026-04-30T14:57:28.216345 WARN empty_response doc_type=A11 start=202508270027 end=202511250027 extra={'in_Domain': '10Y1001A1001A63L', 'out_Domain': '10YAT-APG------L'}
2026-04-30T14:57:29.786837 WARN empty_response doc_type=A11 start=202511250028 end=202512312359 extra={'in_Domain': '10Y1001A1001A63L', 'out_Domain': '10YAT-APG------L'}
2026-04-30T15:04:22.275980 WARN empty_response doc_type=A11 start=201901010000 end=201904010000 extra={'in_Domain': '10YCH-SWISSGRIDZ', 'out_Domain': '10Y1001A1001A63L'}
2026-04-30T15:04:23.578504 WARN empty_response doc_type=A11 start=201904010001 end=201906300001 extra={'in_Domain': '10YCH-SWISSGRIDZ', 'out_Domain': '10Y1001A1001A63L'}
2026-04-30T15:04:24.812051 WARN empty_response doc_type=A11 start=201906300002 end=201909280002 extra={'in_Domain': '10YCH-SWISSGRIDZ', 'out_Domain': '10Y1001A1001A63L'}
2026-04-30T15:04:26.093249 WARN empty_response doc_type=A11 start=201909280003 end=201912270003 extra={'in_Domain': '10YCH-SWISSGRIDZ', 'out_Domain': '10Y1001A1001A63L'}
2026-04-30T15:04:27.690619 WARN empty_response doc_type=A11 start=201912270004 end=202003260004 extra={'in_Domain': '10YCH-SWISSGRIDZ', 'out_Domain': '10Y1001A1001A63L'}
2026-04-30T15:04:28.951813 WARN empty_response doc_type=A11 start=202003260005 end=202006240005 extra={'in_Domain': '10YCH-SWISSGRIDZ', 'out_Domain': '10Y1001A1001A63L'}
2026-04-30T15:04:30.284724 WARN empty_response doc_type=A11 start=202006240006 end=202009220006 extra={'in_Domain': '10YCH-SWISSGRIDZ', 'out_Domain': '10Y1001A1001A63L'}
2026-04-30T15:04:31.550410 WARN empty_response doc_type=A11 start=202009220007 end=202012210007 extra={'in_Domain': '10YCH-SWISSGRIDZ', 'out_Domain': '10Y1001A1001A63L'}
2026-04-30T15:04:32.796523 WARN empty_response doc_type=A11 start=202012210008 end=202103210008 extra={'in_Domain': '10YCH-SWISSGRIDZ', 'out_Domain': '10Y1001A1001A63L'}
2026-04-30T15:04:34.163147 WARN empty_response doc_type=A11 start=202103210009 end=202106190009 extra={'in_Domain': '10YCH-SWISSGRIDZ', 'out_Domain': '10Y1001A1001A63L'}
2026-04-30T15:04:35.820983 WARN empty_response doc_type=A11 start=202106190010 end=202109170010 extra={'in_Domain': '10YCH-SWISSGRIDZ', 'out_Domain': '10Y1001A1001A63L'}
2026-04-30T15:04:40.993963 WARN empty_response doc_type=A11 start=202109170011 end=202112160011 extra={'in_Domain': '10YCH-SWISSGRIDZ', 'out_Domain': '10Y1001A1001A63L'}
2026-04-30T15:04:42.462321 WARN empty_response doc_type=A11 start=202112160012 end=202203160012 extra={'in_Domain': '10YCH-SWISSGRIDZ', 'out_Domain': '10Y1001A1001A63L'}
2026-04-30T15:04:43.701084 WARN empty_response doc_type=A11 start=202203160013 end=202206140013 extra={'in_Domain': '10YCH-SWISSGRIDZ', 'out_Domain': '10Y1001A1001A63L'}
2026-04-30T15:04:44.970587 WARN empty_response doc_type=A11 start=202206140014 end=202209120014 extra={'in_Domain': '10YCH-SWISSGRIDZ', 'out_Domain': '10Y1001A1001A63L'}
2026-04-30T15:04:46.292076 WARN empty_response doc_type=A11 start=202209120015 end=202212110015 extra={'in_Domain': '10YCH-SWISSGRIDZ', 'out_Domain': '10Y1001A1001A63L'}
2026-04-30T15:04:47.709536 WARN empty_response doc_type=A11 start=202212110016 end=202303110016 extra={'in_Domain': '10YCH-SWISSGRIDZ', 'out_Domain': '10Y1001A1001A63L'}
2026-04-30T15:04:51.855551 WARN empty_response doc_type=A11 start=202303110017 end=202306090017 extra={'in_Domain': '10YCH-SWISSGRIDZ', 'out_Domain': '10Y1001A1001A63L'}
2026-04-30T15:04:55.545994 WARN empty_response doc_type=A11 start=202306090018 end=202309070018 extra={'in_Domain': '10YCH-SWISSGRIDZ', 'out_Domain': '10Y1001A1001A63L'}
2026-04-30T15:04:57.278395 WARN empty_response doc_type=A11 start=202309070019 end=202312060019 extra={'in_Domain': '10YCH-SWISSGRIDZ', 'out_Domain': '10Y1001A1001A63L'}
2026-04-30T15:04:59.361684 WARN empty_response doc_type=A11 start=202312060020 end=202403050020 extra={'in_Domain': '10YCH-SWISSGRIDZ', 'out_Domain': '10Y1001A1001A63L'}
2026-04-30T15:05:02.554595 WARN empty_response doc_type=A11 start=202403050021 end=202406030021 extra={'in_Domain': '10YCH-SWISSGRIDZ', 'out_Domain': '10Y1001A1001A63L'}
2026-04-30T15:05:05.469774 WARN empty_response doc_type=A11 start=202406030022 end=202409010022 extra={'in_Domain': '10YCH-SWISSGRIDZ', 'out_Domain': '10Y1001A1001A63L'}
2026-04-30T15:05:10.843423 WARN empty_response doc_type=A11 start=202409010023 end=202411300023 extra={'in_Domain': '10YCH-SWISSGRIDZ', 'out_Domain': '10Y1001A1001A63L'}
2026-04-30T15:05:14.484599 WARN empty_response doc_type=A11 start=202411300024 end=202502280024 extra={'in_Domain': '10YCH-SWISSGRIDZ', 'out_Domain': '10Y1001A1001A63L'}
2026-04-30T15:05:16.006489 WARN empty_response doc_type=A11 start=202502280025 end=202505290025 extra={'in_Domain': '10YCH-SWISSGRIDZ', 'out_Domain': '10Y1001A1001A63L'}
2026-04-30T15:05:17.294059 WARN empty_response doc_type=A11 start=202505290026 end=202508270026 extra={'in_Domain': '10YCH-SWISSGRIDZ', 'out_Domain': '10Y1001A1001A63L'}
2026-04-30T15:05:18.804901 WARN empty_response doc_type=A11 start=202508270027 end=202511250027 extra={'in_Domain': '10YCH-SWISSGRIDZ', 'out_Domain': '10Y1001A1001A63L'}
2026-04-30T15:05:29.027540 WARN empty_response doc_type=A11 start=202511250028 end=202512312359 extra={'in_Domain': '10YCH-SWISSGRIDZ', 'out_Domain': '10Y1001A1001A63L'}
2026-04-30T15:05:33.383593 WARN empty_response doc_type=A11 start=201901010000 end=201904010000 extra={'in_Domain': '10Y1001A1001A63L', 'out_Domain': '10YCH-SWISSGRIDZ'}
2026-04-30T15:05:37.424854 WARN empty_response doc_type=A11 start=201904010001 end=201906300001 extra={'in_Domain': '10Y1001A1001A63L', 'out_Domain': '10YCH-SWISSGRIDZ'}
2026-04-30T15:05:44.876812 WARN empty_response doc_type=A11 start=201906300002 end=201909280002 extra={'in_Domain': '10Y1001A1001A63L', 'out_Domain': '10YCH-SWISSGRIDZ'}
2026-04-30T15:05:57.494098 WARN empty_response doc_type=A11 start=201909280003 end=201912270003 extra={'in_Domain': '10Y1001A1001A63L', 'out_Domain': '10YCH-SWISSGRIDZ'}
2026-04-30T15:05:58.760220 WARN empty_response doc_type=A11 start=201912270004 end=202003260004 extra={'in_Domain': '10Y1001A1001A63L', 'out_Domain': '10YCH-SWISSGRIDZ'}
2026-04-30T15:06:14.457357 WARN empty_response doc_type=A11 start=202003260005 end=202006240005 extra={'in_Domain': '10Y1001A1001A63L', 'out_Domain': '10YCH-SWISSGRIDZ'}
2026-04-30T15:06:15.697388 WARN empty_response doc_type=A11 start=202006240006 end=202009220006 extra={'in_Domain': '10Y1001A1001A63L', 'out_Domain': '10YCH-SWISSGRIDZ'}
2026-04-30T15:06:16.930760 WARN empty_response doc_type=A11 start=202009220007 end=202012210007 extra={'in_Domain': '10Y1001A1001A63L', 'out_Domain': '10YCH-SWISSGRIDZ'}
2026-04-30T15:06:18.291667 WARN empty_response doc_type=A11 start=202012210008 end=202103210008 extra={'in_Domain': '10Y1001A1001A63L', 'out_Domain': '10YCH-SWISSGRIDZ'}
2026-04-30T15:06:19.768564 WARN empty_response doc_type=A11 start=202103210009 end=202106190009 extra={'in_Domain': '10Y1001A1001A63L', 'out_Domain': '10YCH-SWISSGRIDZ'}
2026-04-30T15:06:21.134823 WARN empty_response doc_type=A11 start=202106190010 end=202109170010 extra={'in_Domain': '10Y1001A1001A63L', 'out_Domain': '10YCH-SWISSGRIDZ'}
2026-04-30T15:06:22.486545 WARN empty_response doc_type=A11 start=202109170011 end=202112160011 extra={'in_Domain': '10Y1001A1001A63L', 'out_Domain': '10YCH-SWISSGRIDZ'}
2026-04-30T15:06:24.084602 WARN empty_response doc_type=A11 start=202112160012 end=202203160012 extra={'in_Domain': '10Y1001A1001A63L', 'out_Domain': '10YCH-SWISSGRIDZ'}
2026-04-30T15:06:27.757370 WARN empty_response doc_type=A11 start=202203160013 end=202206140013 extra={'in_Domain': '10Y1001A1001A63L', 'out_Domain': '10YCH-SWISSGRIDZ'}
2026-04-30T15:06:30.472489 WARN empty_response doc_type=A11 start=202206140014 end=202209120014 extra={'in_Domain': '10Y1001A1001A63L', 'out_Domain': '10YCH-SWISSGRIDZ'}
2026-04-30T15:06:31.700068 WARN empty_response doc_type=A11 start=202209120015 end=202212110015 extra={'in_Domain': '10Y1001A1001A63L', 'out_Domain': '10YCH-SWISSGRIDZ'}
2026-04-30T15:06:35.590003 WARN empty_response doc_type=A11 start=202212110016 end=202303110016 extra={'in_Domain': '10Y1001A1001A63L', 'out_Domain': '10YCH-SWISSGRIDZ'}
2026-04-30T15:06:39.071256 WARN empty_response doc_type=A11 start=202303110017 end=202306090017 extra={'in_Domain': '10Y1001A1001A63L', 'out_Domain': '10YCH-SWISSGRIDZ'}
2026-04-30T15:06:40.310261 WARN empty_response doc_type=A11 start=202306090018 end=202309070018 extra={'in_Domain': '10Y1001A1001A63L', 'out_Domain': '10YCH-SWISSGRIDZ'}
2026-04-30T15:06:41.585925 WARN empty_response doc_type=A11 start=202309070019 end=202312060019 extra={'in_Domain': '10Y1001A1001A63L', 'out_Domain': '10YCH-SWISSGRIDZ'}
2026-04-30T15:06:42.823378 WARN empty_response doc_type=A11 start=202312060020 end=202403050020 extra={'in_Domain': '10Y1001A1001A63L', 'out_Domain': '10YCH-SWISSGRIDZ'}
2026-04-30T15:06:48.080725 WARN empty_response doc_type=A11 start=202403050021 end=202406030021 extra={'in_Domain': '10Y1001A1001A63L', 'out_Domain': '10YCH-SWISSGRIDZ'}
2026-04-30T15:06:53.507342 WARN empty_response doc_type=A11 start=202406030022 end=202409010022 extra={'in_Domain': '10Y1001A1001A63L', 'out_Domain': '10YCH-SWISSGRIDZ'}
2026-04-30T15:06:54.734601 WARN empty_response doc_type=A11 start=202409010023 end=202411300023 extra={'in_Domain': '10Y1001A1001A63L', 'out_Domain': '10YCH-SWISSGRIDZ'}
2026-04-30T15:06:56.989718 WARN empty_response doc_type=A11 start=202411300024 end=202502280024 extra={'in_Domain': '10Y1001A1001A63L', 'out_Domain': '10YCH-SWISSGRIDZ'}
2026-04-30T15:06:58.301824 WARN empty_response doc_type=A11 start=202502280025 end=202505290025 extra={'in_Domain': '10Y1001A1001A63L', 'out_Domain': '10YCH-SWISSGRIDZ'}
2026-04-30T15:06:59.593137 WARN empty_response doc_type=A11 start=202505290026 end=202508270026 extra={'in_Domain': '10Y1001A1001A63L', 'out_Domain': '10YCH-SWISSGRIDZ'}
2026-04-30T15:07:03.747166 WARN empty_response doc_type=A11 start=202508270027 end=202511250027 extra={'in_Domain': '10Y1001A1001A63L', 'out_Domain': '10YCH-SWISSGRIDZ'}
2026-04-30T15:07:08.249144 WARN empty_response doc_type=A11 start=202511250028 end=202512312359 extra={'in_Domain': '10Y1001A1001A63L', 'out_Domain': '10YCH-SWISSGRIDZ'}
